<?xml version="1.0" encoding="UTF-8"?>
<testsuite name="com.example.p02.P02ApplicationTests" tests="1" skipped="0" failures="0" errors="0" timestamp="2024-07-08T19:23:50" hostname="vinc3nt-Aspire-A315-58" time="0.432">
  <properties/>
  <testcase name="contextLoads()" classname="com.example.p02.P02ApplicationTests" time="0.432"/>
  <system-out><![CDATA[13:23:47.122 [Test worker] INFO org.springframework.test.context.support.AnnotationConfigContextLoaderUtils -- Could not detect default configuration classes for test class [com.example.p02.P02ApplicationTests]: P02ApplicationTests does not declare any static, non-private, non-final, nested classes annotated with @Configuration.
13:23:47.184 [Test worker] INFO org.springframework.boot.test.context.SpringBootTestContextBootstrapper -- Found @SpringBootConfiguration com.example.p02.P02Application for test class com.example.p02.P02ApplicationTests

  .   ____          _            __ _ _
 /\\ / ___'_ __ _ _(_)_ __  __ _ \ \ \ \
( ( )\___ | '_ | '_| | '_ \/ _` | \ \ \ \
 \\/  ___)| |_)| | | | | || (_| |  ) ) ) )
  '  |____| .__|_| |_|_| |_\__, | / / / /
 =========|_|==============|___/=/_/_/_/
 :: Spring Boot ::                (v3.2.5)

2024-07-08T13:23:47.494-06:00  INFO 22308 --- [p02] [    Test worker] com.example.p02.P02ApplicationTests      : Starting P02ApplicationTests using Java 17.0.11 with PID 22308 (started by vinc3nt in /home/vinc3nt/ProyectoGestionTareas/backend)
2024-07-08T13:23:47.495-06:00  INFO 22308 --- [p02] [    Test worker] com.example.p02.P02ApplicationTests      : No active profile set, falling back to 1 default profile: "default"
2024-07-08T13:23:48.044-06:00  INFO 22308 --- [p02] [    Test worker] .s.d.r.c.RepositoryConfigurationDelegate : Bootstrapping Spring Data JPA repositories in DEFAULT mode.
2024-07-08T13:23:48.086-06:00  INFO 22308 --- [p02] [    Test worker] .s.d.r.c.RepositoryConfigurationDelegate : Finished Spring Data repository scanning in 35 ms. Found 2 JPA repository interfaces.
2024-07-08T13:23:48.544-06:00  INFO 22308 --- [p02] [    Test worker] o.hibernate.jpa.internal.util.LogHelper  : HHH000204: Processing PersistenceUnitInfo [name: default]
2024-07-08T13:23:48.576-06:00  INFO 22308 --- [p02] [    Test worker] org.hibernate.Version                    : HHH000412: Hibernate ORM core version 6.4.4.Final
2024-07-08T13:23:48.598-06:00  INFO 22308 --- [p02] [    Test worker] o.h.c.internal.RegionFactoryInitiator    : HHH000026: Second-level cache disabled
2024-07-08T13:23:48.751-06:00  INFO 22308 --- [p02] [    Test worker] o.s.o.j.p.SpringPersistenceUnitInfo      : No LoadTimeWeaver setup: ignoring JPA class transformer
2024-07-08T13:23:48.769-06:00  INFO 22308 --- [p02] [    Test worker] com.zaxxer.hikari.HikariDataSource       : HikariPool-1 - Starting...
2024-07-08T13:23:48.971-06:00  INFO 22308 --- [p02] [    Test worker] com.zaxxer.hikari.pool.HikariPool        : HikariPool-1 - Added connection com.mysql.cj.jdbc.ConnectionImpl@7da77305
2024-07-08T13:23:48.973-06:00  INFO 22308 --- [p02] [    Test worker] com.zaxxer.hikari.HikariDataSource       : HikariPool-1 - Start completed.
2024-07-08T13:23:49.598-06:00  INFO 22308 --- [p02] [    Test worker] o.h.e.t.j.p.i.JtaPlatformInitiator       : HHH000489: No JTA platform available (set 'hibernate.transaction.jta.platform' to enable JTA platform integration)
2024-07-08T13:23:49.600-06:00  INFO 22308 --- [p02] [    Test worker] j.LocalContainerEntityManagerFactoryBean : Initialized JPA EntityManagerFactory for persistence unit 'default'
2024-07-08T13:23:49.880-06:00  WARN 22308 --- [p02] [    Test worker] JpaBaseConfiguration$JpaWebConfiguration : spring.jpa.open-in-view is enabled by default. Therefore, database queries may be performed during view rendering. Explicitly configure spring.jpa.open-in-view to disable this warning
2024-07-08T13:23:50.209-06:00  WARN 22308 --- [p02] [    Test worker] .s.s.UserDetailsServiceAutoConfiguration : 

Using generated security password: ab942214-226c-4a71-8795-309887b92f72

This generated password is for development use only. Your security configuration must be updated before running your application in production.

2024-07-08T13:23:50.292-06:00  INFO 22308 --- [p02] [    Test worker] o.s.s.web.DefaultSecurityFilterChain     : Will secure any request with [org.springframework.security.web.session.DisableEncodeUrlFilter@66297b63, org.springframework.security.web.context.request.async.WebAsyncManagerIntegrationFilter@1d7f2719, org.springframework.security.web.context.SecurityContextHolderFilter@33315925, org.springframework.security.web.header.HeaderWriterFilter@726ee6cf, org.springframework.web.filter.CorsFilter@685e5967, org.springframework.security.web.csrf.CsrfFilter@757ad227, org.springframework.security.web.authentication.logout.LogoutFilter@253379ec, org.springframework.security.web.authentication.UsernamePasswordAuthenticationFilter@701996e9, org.springframework.security.web.authentication.ui.DefaultLoginPageGeneratingFilter@7385a72f, org.springframework.security.web.authentication.ui.DefaultLogoutPageGeneratingFilter@106387cf, org.springframework.security.web.authentication.www.BasicAuthenticationFilter@40477d52, org.springframework.security.web.savedrequest.RequestCacheAwareFilter@628b9af5, org.springframework.security.web.servletapi.SecurityContextHolderAwareRequestFilter@137db13f, org.springframework.security.web.authentication.AnonymousAuthenticationFilter@3d3c14c3, org.springframework.security.web.access.ExceptionTranslationFilter@48dc06a9, org.springframework.security.web.access.intercept.AuthorizationFilter@a6d4547]
2024-07-08T13:23:50.342-06:00  INFO 22308 --- [p02] [    Test worker] com.example.p02.P02ApplicationTests      : Started P02ApplicationTests in 3.065 seconds (process running for 3.695)
]]></system-out>
  <system-err><![CDATA[]]></system-err>
</testsuite>
